eclipse/game/FindSister/proguard/seeds.txt
com.umeng.commonsdk.a$1
com.umeng.commonsdk.a$1: android.content.Context a
com.umeng.commonsdk.a$1: a$1(android.content.Context)
com.umeng.commonsdk.a$1: void run()
com.umeng.commonsdk.framework.UMEnvelopeBuild
com.umeng.commonsdk.framework.UMEnvelopeBuild: UMEnvelopeBuild()
com.umeng.commonsdk.framework.UMEnvelopeBuild: boolean isReadyBuild(android.content.Context,com.umeng.commonsdk.framework.UMLogDataProtocol$UMBusinessType)
com.umeng.commonsdk.framework.UMEnvelopeBuild: org.json.JSONObject buildEnvelopeWithExtHeader(android.content.Context,org.json.JSONObject,org.json.JSONObject)
com.umeng.commonsdk.framework.UMEnvelopeBuild: java.lang.String imprintProperty(android.content.Context,java.lang.String,java.lang.String)
com.umeng.commonsdk.framework.UMEnvelopeBuild: long maxDataSpace(android.content.Context)
com.umeng.commonsdk.framework.UMEnvelopeBuild: long lastSuccessfulBuildTime(android.content.Context)
com.umeng.commonsdk.framework.UMLogDataProtocol
com.umeng.commonsdk.framework.UMLogDataProtocol: void workEvent(java.lang.Object,int)
com.umeng.commonsdk.framework.UMLogDataProtocol: void removeCacheData(java.lang.Object)
com.umeng.commonsdk.framework.UMLogDataProtocol: org.json.JSONObject setupReportData(long)
com.umeng.commonsdk.framework.UMLogDataProtocol$UMBusinessType
com.umeng.commonsdk.framework.UMLogDataProtocol$UMBusinessType: com.umeng.commonsdk.framework.UMLogDataProtocol$UMBusinessType U_APP
com.umeng.commonsdk.framework.UMLogDataProtocol$UMBusinessType: com.umeng.commonsdk.framework.UMLogDataProtocol$UMBusinessType U_DPLUS
com.umeng.commonsdk.framework.UMLogDataProtocol$UMBusinessType: com.umeng.commonsdk.framework.UMLogDataProtocol$UMBusinessType U_INTERNAL
com.umeng.commonsdk.framework.UMLogDataProtocol$UMBusinessType: com.umeng.commonsdk.framework.UMLogDataProtocol$UMBusinessType[] $VALUES
com.umeng.commonsdk.framework.UMLogDataProtocol$UMBusinessType: com.umeng.commonsdk.framework.UMLogDataProtocol$UMBusinessType[] values()
com.umeng.commonsdk.framework.UMLogDataProtocol$UMBusinessType: com.umeng.commonsdk.framework.UMLogDataProtocol$UMBusinessType valueOf(java.lang.String)
com.umeng.commonsdk.framework.UMLogDataProtocol$UMBusinessType: UMLogDataProtocol$UMBusinessType(java.lang.String,int)
com.umeng.commonsdk.framework.UMLogDataProtocol$UMBusinessType: void <clinit>()
com.umeng.commonsdk.framework.UMModuleRegister
com.umeng.commonsdk.framework.UMModuleRegister: java.util.HashMap e
com.umeng.commonsdk.framework.UMModuleRegister: android.content.Context f
com.umeng.commonsdk.framework.UMModuleRegister: java.lang.String a
com.umeng.commonsdk.framework.UMModuleRegister: java.lang.String b
com.umeng.commonsdk.framework.UMModuleRegister: java.lang.String c
com.umeng.commonsdk.framework.UMModuleRegister: java.lang.String d
com.umeng.commonsdk.framework.UMModuleRegister: int g
com.umeng.commonsdk.framework.UMModuleRegister: int h
com.umeng.commonsdk.framework.UMModuleRegister: int i
com.umeng.commonsdk.framework.UMModuleRegister: int j
com.umeng.commonsdk.framework.UMModuleRegister: int k
com.umeng.commonsdk.framework.UMModuleRegister: int l
com.umeng.commonsdk.framework.UMModuleRegister: UMModuleRegister()
com.umeng.commonsdk.framework.UMModuleRegister: java.lang.String a(int)
com.umeng.commonsdk.framework.UMModuleRegister: boolean a(int,com.umeng.commonsdk.framework.UMLogDataProtocol)
com.umeng.commonsdk.framework.UMModuleRegister: void a(android.content.Context)
com.umeng.commonsdk.framework.UMModuleRegister: com.umeng.commonsdk.framework.UMLogDataProtocol a(java.lang.String)
com.umeng.commonsdk.framework.UMModuleRegister: android.content.Context getAppContext()
com.umeng.commonsdk.framework.UMModuleRegister: void <clinit>()