eclipse/game/FindSister/proguard/mapping.txt
com.yf.y.f.init.pay.b.a.e -> com.yf.y.f.init.pay.b.a.e:
com.yf.y.f.init.pay.b.a.f -> com.yf.y.f.init.pay.b.a.f:
    com.yf.y.f.init.pay.d.b a -> a
    android.content.Context b -> b
    com.yf.y.f.init.pay.receiver.c c -> c
    void a(com.yf.y.f.init.pay.d.e) -> a
    void a(com.yf.y.f.init.pay.d.e,boolean) -> a
    void b(com.yf.y.f.init.pay.d.e,boolean) -> b
    void a(com.yf.y.f.init.pay.d.e,android.app.PendingIntent) -> a
    boolean b(com.yf.y.f.init.pay.d.e) -> b
    android.content.Context a(com.yf.y.f.init.pay.b.a.f) -> a
com.yf.y.f.init.pay.b.a.f$1 -> com.yf.y.f.init.pay.b.a.f$1:
    com.yf.y.f.init.pay.b.a.f a -> a
    void a(android.content.Context) -> a
com.yf.y.f.init.pay.b.a.f$1$1 -> com.yf.y.f.init.pay.b.a.f$1$1:
    android.content.Context a -> a
    com.yf.y.f.init.pay.b.a.f$1 b -> b
    void a(java.lang.String) -> a
com.yf.y.f.init.pay.b.b -> com.yf.y.f.init.pay.b.b:
    void a(java.lang.String) -> a
com.yf.y.f.init.pay.b.b.a -> com.yf.y.f.init.pay.b.b.a:
    java.lang.Long a -> a
    java.lang.Long b -> b
    java.lang.String c -> c
    java.lang.String d -> d
    java.lang.String e -> e
    java.lang.String f -> f
    java.lang.String g -> g
    java.lang.String h -> h
    java.lang.String i -> i
    java.lang.String j -> j
    java.lang.String k -> k
    java.lang.String l -> l
    java.lang.String m -> m
    java.lang.String n -> n
    java.lang.Integer o -> o
    java.lang.Integer p -> p
    java.lang.Integer q -> q
    java.lang.Integer r -> r
    java.lang.Integer s -> s
    java.lang.String t -> t
    java.lang.Integer u -> u
    java.lang.Integer v -> v
    java.lang.String w -> w
    java.lang.String x -> x
    java.lang.String y -> y
    java.lang.String z -> z
    java.lang.Integer A -> A
    java.lang.Long a() -> a
    com.yf.y.f.init.pay.b.b.a a(java.lang.Long) -> a
    java.lang.Long b() -> b
    java.lang.String c() -> c
    java.lang.String d() -> d
    com.yf.y.f.init.pay.b.b.a a(java.lang.String) -> a
    java.lang.String e() -> e
    com.yf.y.f.init.pay.b.b.a b(java.lang.String) -> b
    java.lang.String f() -> f
    com.yf.y.f.init.pay.b.b.a c(java.lang.String) -> c
    java.lang.String g() -> g
    java.lang.String h() -> h
    com.yf.y.f.init.pay.b.b.a d(java.lang.String) -> d
    java.lang.String i() -> i
    com.yf.y.f.init.pay.b.b.a e(java.lang.String) -> e
    java.lang.String j() -> j
    java.lang.String k() -> k
com.yf.y.f.init.pay.b.b.a$a -> com.yf.y.f.init.pay.b.b.a$a:
    com.yf.y.f.init.pay.b.b.a$a a -> a
    com.yf.y.f.init.pay.b.b.a$a b -> b
    int c -> c
    com.yf.y.f.init.pay.b.b.a$a[] d -> d
    com.yf.y.f.init.pay.b.b.a$a[] values() -> values
    com.yf.y.f.init.pay.b.b.a$a valueOf(java.lang.String) -> valueOf
com.yf.y.f.init.pay.b.b.b -> com.yf.y.f.init.pay.b.b.b:
    javax.net.ssl.TrustManager[] a -> a
    javax.net.ssl.HostnameVerifier b -> b
    void a() -> a
    java.lang.String a(java.io.InputStream) -> a
    java.lang.String a(java.lang.String,java.lang.String) -> a
    java.lang.String b(java.lang.String,java.lang.String) -> b
com.yf.y.f.init.pay.b.b.b$1 -> com.yf.y.f.init.pay.b.b.b$1:
    boolean verify(java.lang.String,javax.net.ssl.SSLSession) -> verify
com.yf.y.f.init.pay.b.b.c -> com.yf.y.f.init.pay.b.b.c:
    void checkClientTrusted(java.security.cert.X509Certificate[],java.lang.String) -> checkClientTrusted
    void checkServerTrusted(java.security.cert.X509Certificate[],java.lang.String) -> checkServerTrusted
    java.security.cert.X509Certificate[] getAcceptedIssuers() -> getAcceptedIssuers