eclipse/game/FindSister/proguard/usage.txt
cz.msebera.android.httpclient.impl.io.AbstractMessageWriter
cz.msebera.android.httpclient.impl.io.AbstractSessionInputBuffer
cz.msebera.android.httpclient.impl.io.AbstractSessionOutputBuffer
cz.msebera.android.httpclient.impl.io.ChunkedInputStream
cz.msebera.android.httpclient.impl.io.ChunkedOutputStream
cz.msebera.android.httpclient.impl.io.ContentLengthInputStream
cz.msebera.android.httpclient.impl.io.ContentLengthOutputStream
cz.msebera.android.httpclient.impl.io.DefaultHttpRequestParser
cz.msebera.android.httpclient.impl.io.DefaultHttpRequestParserFactory
cz.msebera.android.httpclient.impl.io.DefaultHttpRequestWriter
cz.msebera.android.httpclient.impl.io.DefaultHttpRequestWriterFactory
cz.msebera.android.httpclient.impl.io.DefaultHttpResponseParser
cz.msebera.android.httpclient.impl.io.DefaultHttpResponseParserFactory
cz.msebera.android.httpclient.impl.io.DefaultHttpResponseWriter
cz.msebera.android.httpclient.impl.io.DefaultHttpResponseWriterFactory
cz.msebera.android.httpclient.impl.io.EmptyInputStream
cz.msebera.android.httpclient.impl.io.HttpRequestParser
cz.msebera.android.httpclient.impl.io.HttpRequestWriter
cz.msebera.android.httpclient.impl.io.HttpResponseParser
cz.msebera.android.httpclient.impl.io.HttpResponseWriter
cz.msebera.android.httpclient.impl.io.HttpTransportMetricsImpl
cz.msebera.android.httpclient.impl.io.IdentityInputStream
cz.msebera.android.httpclient.impl.io.IdentityOutputStream
cz.msebera.android.httpclient.impl.io.SessionInputBufferImpl
cz.msebera.android.httpclient.impl.io.SessionOutputBufferImpl
cz.msebera.android.httpclient.impl.io.SocketInputBuffer
cz.msebera.android.httpclient.impl.io.SocketOutputBuffer
cz.msebera.android.httpclient.impl.pool.BasicConnFactory
cz.msebera.android.httpclient.impl.pool.BasicConnPool
cz.msebera.android.httpclient.impl.pool.BasicPoolEntry
cz.msebera.android.httpclient.io.BufferInfo
cz.msebera.android.httpclient.io.EofSensor
cz.msebera.android.httpclient.io.HttpMessageParser
cz.msebera.android.httpclient.io.HttpMessageParserFactory
cz.msebera.android.httpclient.io.HttpMessageWriter
cz.msebera.android.httpclient.io.HttpMessageWriterFactory
cz.msebera.android.httpclient.io.HttpTransportMetrics
cz.msebera.android.httpclient.io.SessionInputBuffer
cz.msebera.android.httpclient.io.SessionOutputBuffer
cz.msebera.android.httpclient.message.AbstractHttpMessage
cz.msebera.android.httpclient.message.BasicHeader
cz.msebera.android.httpclient.message.BasicHeaderElement
cz.msebera.android.httpclient.message.BasicHeaderElementIterator
cz.msebera.android.httpclient.message.BasicHeaderIterator
cz.msebera.android.httpclient.message.BasicHeaderValueFormatter
cz.msebera.android.httpclient.message.BasicHeaderValueParser
cz.msebera.android.httpclient.message.BasicHttpEntityEnclosingRequest
cz.msebera.android.httpclient.message.BasicHttpRequest
cz.msebera.android.httpclient.message.BasicHttpResponse
cz.msebera.android.httpclient.message.BasicLineFormatter
cz.msebera.android.httpclient.message.BasicLineParser
cz.msebera.android.httpclient.message.BasicListHeaderIterator
cz.msebera.android.httpclient.message.BasicNameValuePair
cz.msebera.android.httpclient.message.BasicRequestLine
cz.msebera.android.httpclient.message.BasicStatusLine
cz.msebera.android.httpclient.message.BasicTokenIterator
cz.msebera.android.httpclient.message.BufferedHeader
cz.msebera.android.httpclient.message.HeaderGroup
cz.msebera.android.httpclient.message.HeaderValueFormatter
cz.msebera.android.httpclient.message.HeaderValueParser
cz.msebera.android.httpclient.message.LineFormatter
cz.msebera.android.httpclient.message.LineParser
cz.msebera.android.httpclient.message.ParserCursor
cz.msebera.android.httpclient.message.TokenParser
cz.msebera.android.httpclient.params.AbstractHttpParams
cz.msebera.android.httpclient.params.BasicHttpParams
cz.msebera.android.httpclient.params.CoreConnectionPNames
cz.msebera.android.httpclient.params.CoreProtocolPNames
cz.msebera.android.httpclient.params.DefaultedHttpParams